[INFO  - 2020-01-12T07:20:11.454Z] GhostDriver - Main - running on port 38833
[INFO  - 2020-01-12T07:20:12.180Z] Session [f8b49cc0-350b-11ea-b8f4-ff2615e11641] - page.settings - {"XSSAuditingEnabled":false,"javascriptCanCloseWindows":true,"javascriptCanOpenWindows":true,"javascriptEnabled":true,"loadImages":true,"localToRemoteUrlAccessEnabled":false,"userAgent":"Mozilla/5.0 (Unknown; Linux x86_64) AppleWebKit/538.1 (KHTML, like Gecko) PhantomJS/2.1.1 Safari/538.1","webSecurityEnabled":true}
[INFO  - 2020-01-12T07:20:12.181Z] Session [f8b49cc0-350b-11ea-b8f4-ff2615e11641] - page.customHeaders:  - {}
[INFO  - 2020-01-12T07:20:12.182Z] Session [f8b49cc0-350b-11ea-b8f4-ff2615e11641] - Session.negotiatedCapabilities - {"browserName":"phantomjs","version":"2.1.1","driverName":"ghostdriver","driverVersion":"1.2.0","platform":"linux-unknown-64bit","javascriptEnabled":true,"takesScreenshot":true,"handlesAlerts":false,"databaseEnabled":false,"locationContextEnabled":false,"applicationCacheEnabled":false,"browserConnectionEnabled":false,"cssSelectorsEnabled":true,"webStorageEnabled":false,"rotatable":false,"acceptSslCerts":false,"nativeEvents":true,"proxy":{"proxyType":"direct"}}
[INFO  - 2020-01-12T07:20:12.182Z] SessionManagerReqHand - _postNewSessionCommand - New Session Created: f8b49cc0-350b-11ea-b8f4-ff2615e11641
[ERROR - 2020-01-12T07:20:12.840Z] Session [f8b49cc0-350b-11ea-b8f4-ff2615e11641] - page.onError - msg: TypeError: null is not an object (evaluating 'da_ua.match(/Version\/([0-9\.]+)/i)[1]')

  phantomjs://platform/console++.js:263 in error
[ERROR - 2020-01-12T07:20:12.841Z] Session [f8b49cc0-350b-11ea-b8f4-ff2615e11641] - page.onError - stack:
  searchBrowserVersion (https://ssl.pstatic.net/tveta/libs/assets/js/pc/main/min/pc.veta.core.min.js?20180423:1)
  init (https://ssl.pstatic.net/tveta/libs/assets/js/pc/main/min/pc.veta.core.min.js?20180423:1)

  phantomjs://platform/console++.js:263 in error
[ERROR - 2020-01-12T07:20:12.843Z] Session [f8b49cc0-350b-11ea-b8f4-ff2615e11641] - page.onError - msg: TypeError: undefined is not a function (evaluating 'naver_corp_da.loadScript')

  phantomjs://platform/console++.js:263 in error
[ERROR - 2020-01-12T07:20:12.843Z] Session [f8b49cc0-350b-11ea-b8f4-ff2615e11641] - page.onError - stack:
  loadScripts (https://nv.veta.naver.com/fxshow?su=SU10078&nrefreshx=0:63)
  lazyLoading (https://nv.veta.naver.com/fxshow?su=SU10078&nrefreshx=0:42)
  onload (https://nv.veta.naver.com/fxshow?su=SU10078&nrefreshx=0:18)

  phantomjs://platform/console++.js:263 in error
[ERROR - 2020-01-12T07:20:12.862Z] Session [f8b49cc0-350b-11ea-b8f4-ff2615e11641] - page.onError - msg: TypeError: null is not an object (evaluating 'da_ua.match(/Version\/([0-9\.]+)/i)[1]')

  phantomjs://platform/console++.js:263 in error
[ERROR - 2020-01-12T07:20:12.864Z] Session [f8b49cc0-350b-11ea-b8f4-ff2615e11641] - page.onError - stack:
  searchBrowserVersion (https://ssl.pstatic.net/tveta/libs/assets/js/pc/main/min/pc.veta.core.min.js?20170222:1)
  init (https://ssl.pstatic.net/tveta/libs/assets/js/pc/main/min/pc.veta.core.min.js?20170222:1)

  phantomjs://platform/console++.js:263 in error
[ERROR - 2020-01-12T07:20:12.884Z] Session [f8b49cc0-350b-11ea-b8f4-ff2615e11641] - page.onError - msg: TypeError: null is not an object (evaluating 'da_ua.match(/Version\/([0-9\.]+)/i)[1]')

  phantomjs://platform/console++.js:263 in error
[ERROR - 2020-01-12T07:20:12.886Z] Session [f8b49cc0-350b-11ea-b8f4-ff2615e11641] - page.onError - stack:
  searchBrowserVersion (https://ssl.pstatic.net/tveta/libs/assets/js/pc/main/min/pc.veta.core.min.js?20180423:1)
  init (https://ssl.pstatic.net/tveta/libs/assets/js/pc/main/min/pc.veta.core.min.js?20180423:1)

  phantomjs://platform/console++.js:263 in error
[ERROR - 2020-01-12T07:20:12.891Z] Session [f8b49cc0-350b-11ea-b8f4-ff2615e11641] - page.onError - msg: TypeError: undefined is not a constructor (evaluating 'new Nimp')

  phantomjs://platform/console++.js:263 in error
[ERROR - 2020-01-12T07:20:12.893Z] Session [f8b49cc0-350b-11ea-b8f4-ff2615e11641] - page.onError - stack:
  lazyLoading (https://nv.veta.naver.com/fxshow?su=SU10079&nrefreshx=0:36)
  onload (https://nv.veta.naver.com/fxshow?su=SU10079&nrefreshx=0:20)

  phantomjs://platform/console++.js:263 in error
[ERROR - 2020-01-12T07:20:13.403Z] Session [f8b49cc0-350b-11ea-b8f4-ff2615e11641] - page.onError - msg: TypeError: null is not an object (evaluating 'da_ua.match(/Version\/([0-9\.]+)/i)[1]')

  phantomjs://platform/console++.js:263 in error
[ERROR - 2020-01-12T07:20:13.403Z] Session [f8b49cc0-350b-11ea-b8f4-ff2615e11641] - page.onError - stack:
  searchBrowserVersion (https://ssl.pstatic.net/tveta/libs/assets/js/pc/main/min/pc.veta.core.min.js?20180330:1)
  init (https://ssl.pstatic.net/tveta/libs/assets/js/pc/main/min/pc.veta.core.min.js?20180330:1)

  phantomjs://platform/console++.js:263 in error
[ERROR - 2020-01-12T07:20:13.488Z] Session [f8b49cc0-350b-11ea-b8f4-ff2615e11641] - page.onError - msg: TypeError: undefined is not a constructor (evaluating 'new NBP_CORP.Nimp()')

  phantomjs://platform/console++.js:263 in error
[ERROR - 2020-01-12T07:20:13.489Z] Session [f8b49cc0-350b-11ea-b8f4-ff2615e11641] - page.onError - stack:
  (anonymous function) (undefined:8)

  phantomjs://platform/console++.js:263 in error
